c:\users\ebisu\source\repos\raycaster\sfml3.0\x64\release\vc143.pdb
c:\users\ebisu\source\repos\raycaster\sfml3.0\x64\release\player.obj
c:\users\ebisu\source\repos\raycaster\sfml3.0\x64\release\main.obj
c:\users\ebisu\source\repos\raycaster\sfml3.0\x64\release\raycaster.obj
c:\users\ebisu\source\repos\raycaster\sfml3.0\x64\release\worldmap.obj
c:\users\ebisu\source\repos\raycaster\sfml3.0\x64\release\maploader.obj
c:\users\ebisu\source\repos\raycaster\x64\release\raycaster.exe
c:\users\ebisu\source\repos\raycaster\x64\release\raycaster.pdb
c:\users\ebisu\source\repos\raycaster\sfml3.0\x64\release\raycaster.ipdb
c:\users\ebisu\source\repos\raycaster\sfml3.0\x64\release\raycaster.iobj
c:\users\ebisu\source\repos\raycaster\sfml3.0\x64\release\sfml3.0.obj
c:\users\ebisu\source\repos\raycaster\sfml3.0\x64\release\sfml3.0.ipdb
c:\users\ebisu\source\repos\raycaster\sfml3.0\x64\release\sfml3.0.iobj
c:\users\ebisu\source\repos\raycaster\sfml3.0\x64\release\raycaster.tlog\cl.command.1.tlog
c:\users\ebisu\source\repos\raycaster\sfml3.0\x64\release\raycaster.tlog\cl.items.tlog
c:\users\ebisu\source\repos\raycaster\sfml3.0\x64\release\raycaster.tlog\cl.read.1.tlog
c:\users\ebisu\source\repos\raycaster\sfml3.0\x64\release\raycaster.tlog\cl.write.1.tlog
c:\users\ebisu\source\repos\raycaster\sfml3.0\x64\release\raycaster.tlog\link.command.1.tlog
c:\users\ebisu\source\repos\raycaster\sfml3.0\x64\release\raycaster.tlog\link.read.1.tlog
c:\users\ebisu\source\repos\raycaster\sfml3.0\x64\release\raycaster.tlog\link.secondary.1.tlog
c:\users\ebisu\source\repos\raycaster\sfml3.0\x64\release\raycaster.tlog\link.write.1.tlog
